Arguments: 
  C:\Program Files\nodejs\node.exe C:\Program Files (x86)\Yarn\bin\yarn.js add @expo/vector-icons

PATH: 
  C:\Python38\Scripts\;C:\Python38\;C:\WINDOWS\system32;C:\WINDOWS;C:\WINDOWS\System32\Wbem;C:\WINDOWS\System32\WindowsPowerShell\v1.0\;C:\WINDOWS\System32\OpenSSH\;C:\ProgramData\chocolatey\bin;C:\Program Files\Git\cmd;C:\Program Files (x86)\Yarn\bin\;C:\Users\mkach\AppData\Roaming\nvm;C:\Program Files\nodejs;C:\Users\mkach\AppData\Local\Microsoft\WindowsApps;C:\Users\mkach\AppData\Local\Programs\Microsoft VS Code\bin;C:\Users\mkach\AppData\Local\GitHubDesktop\bin;C:\Users\mkach\AppData\Local\Yarn\bin;C:\src\flutter\bin;C:\Program Files\heroku\bin;C:\Users\mkach\AppData\Roaming\nvm;C:\Program Files\nodejs

Yarn version: 
  1.22.4

Node version: 
  12.9.1

Platform: 
  win32 x64

Trace: 
  Error: EPERM: operation not permitted, unlink 'C:\Users\mkach\Documents\Github\alz.vision\node_modules\react-native-elements\node_modules\.bin'

npm manifest: 
  {
    "dependencies": {
      "@babel/runtime": "7.0.0-beta.55",
      "axios": "^0.19.2",
      "expo-camera": "^8.2.0",
      "expo-permissions": "^8.1.0",
      "react-native-camera": "^3.26.0",
      "react-native-elements": "^2.0.0"
    }
  }

yarn manifest: 
  No manifest

Lockfile: 
  # THIS IS AN AUTOGENERATED FILE. DO NOT EDIT THIS FILE DIRECTLY.
  # yarn lockfile v1
  
  
  "@babel/runtime@7.0.0-beta.55":
    version "7.0.0-beta.55"
    resolved "https://registry.yarnpkg.com/@babel/runtime/-/runtime-7.0.0-beta.55.tgz#0bc33aa5a6ac0b012f37e25b9e6aaa2e489a916b"
    integrity sha1-C8M6paasCwEvN+JbnmqqLkiakWs=
    dependencies:
      core-js "^2.5.7"
      regenerator-runtime "^0.12.0"
  
  "@types/prop-types@*":
    version "15.7.3"
    resolved "https://registry.yarnpkg.com/@types/prop-types/-/prop-types-15.7.3.tgz#2ab0d5da2e5815f94b0b9d4b95d1e5f243ab2ca7"
    integrity sha512-KfRL3PuHmqQLOG+2tGpRO26Ctg+Cq1E01D2DMriKEATHgWLfeNDmq9e29Q9WIky0dQ3NPkd1mzYH8Lm936Z9qw==
  
  "@types/react-native-vector-icons@^6.4.4":
    version "6.4.5"
    resolved "https://registry.yarnpkg.com/@types/react-native-vector-icons/-/react-native-vector-icons-6.4.5.tgz#74cbfc564bd8435e43ad6728572a0e5b49c335d1"
    integrity sha512-JBpcjWQE4n0GlE0p6HpDDclT+uXpFC453T5k4h+B38q0utlGJhvgNr8899BoJGc1xOktA2cgqFKmFMJd0h7YaA==
    dependencies:
      "@types/react" "*"
      "@types/react-native" "*"
  
  "@types/react-native@*":
    version "0.62.10"
    resolved "https://registry.yarnpkg.com/@types/react-native/-/react-native-0.62.10.tgz#82c481df21db4e7460755dc3fc7091e333a1d2bd"
    integrity sha512-QR4PGrzZ3IvRIHlScyIPuv2GV8tD/BMICZz514KGvn3KHbh0mLphHHemtHZC1o8u4xM5LxwVpMpMYHQ+ncSfag==
    dependencies:
      "@types/react" "*"
  
  "@types/react@*":
    version "16.9.35"
    resolved "https://registry.yarnpkg.com/@types/react/-/react-16.9.35.tgz#a0830d172e8aadd9bd41709ba2281a3124bbd368"
    integrity sha512-q0n0SsWcGc8nDqH2GJfWQWUOmZSJhXV64CjVN5SvcNti3TdEaA3AH0D8DwNmMdzjMAC/78tB8nAZIlV8yTz+zQ==
    dependencies:
      "@types/prop-types" "*"
      csstype "^2.2.0"
  
  axios@^0.19.2:
    version "0.19.2"
    resolved "https://registry.yarnpkg.com/axios/-/axios-0.19.2.tgz#3ea36c5d8818d0d5f8a8a97a6d36b86cdc00cb27"
    integrity sha512-fjgm5MvRHLhx+osE2xoekY70AhARk3a6hkN+3Io1jc00jtquGvxYlKlsFUhmUET0V5te6CcZI7lcv2Ym61mjHA==
    dependencies:
      follow-redirects "1.5.10"
  
  color-convert@^1.9.1:
    version "1.9.3"
    resolved "https://registry.yarnpkg.com/color-convert/-/color-convert-1.9.3.tgz#bb71850690e1f136567de629d2d5471deda4c1e8"
    integrity sha512-QfAUtd+vFdAtFQcC8CCyYt1fYWxSqAiK2cSD6zDB8N3cpsEBAvRxp9zOGg6G/SHHJYAT88/az/IuDGALsNVbGg==
    dependencies:
      color-name "1.1.3"
  
  color-name@1.1.3:
    version "1.1.3"
    resolved "https://registry.yarnpkg.com/color-name/-/color-name-1.1.3.tgz#a7d0558bd89c42f795dd42328f740831ca53bc25"
    integrity sha1-p9BVi9icQveV3UIyj3QIMcpTvCU=
  
  color-name@^1.0.0:
    version "1.1.4"
    resolved "https://registry.yarnpkg.com/color-name/-/color-name-1.1.4.tgz#c2a09a87acbde69543de6f63fa3995c826c536a2"
    integrity sha512-dOy+3AuW3a2wNbZHIuMZpTcgjGuLU/uBL/ubcZF9OXbDo8ff4O8yVp5Bf0efS8uEoYo5q4Fx7dY9OgQGXgAsQA==
  
  color-string@^1.5.2:
    version "1.5.3"
    resolved "https://registry.yarnpkg.com/color-string/-/color-string-1.5.3.tgz#c9bbc5f01b58b5492f3d6857459cb6590ce204cc"
    integrity sha512-dC2C5qeWoYkxki5UAXapdjqO672AM4vZuPGRQfO8b5HKuKGBbKWpITyDYN7TOFKvRW7kOgAn3746clDBMDJyQw==
    dependencies:
      color-name "^1.0.0"
      simple-swizzle "^0.2.2"
  
  color@^3.1.0:
    version "3.1.2"
    resolved "https://registry.yarnpkg.com/color/-/color-3.1.2.tgz#68148e7f85d41ad7649c5fa8c8106f098d229e10"
    integrity sha512-vXTJhHebByxZn3lDvDJYw4lR5+uB3vuoHsuYA5AKuxRVn5wzzIfQKGLBmgdVRHKTJYeK5rvJcHnrd0Li49CFpg==
    dependencies:
      color-convert "^1.9.1"
      color-string "^1.5.2"
  
  core-js@^2.5.7:
    version "2.6.11"
    resolved "https://registry.yarnpkg.com/core-js/-/core-js-2.6.11.tgz#38831469f9922bded8ee21c9dc46985e0399308c"
    integrity sha512-5wjnpaT/3dV+XB4borEsnAYQchn00XSgTAWKDkEqv+K8KevjbzmofK6hfJ9TZIlpj2N0xQpazy7PiRQiWHqzWg==
  
  csstype@^2.2.0:
    version "2.6.10"
    resolved "https://registry.yarnpkg.com/csstype/-/csstype-2.6.10.tgz#e63af50e66d7c266edb6b32909cfd0aabe03928b"
    integrity sha512-D34BqZU4cIlMCY93rZHbrq9pjTAQJ3U8S8rfBqjwHxkGPThWFjzZDQpgMJY0QViLxth6ZKYiwFBo14RdN44U/w==
  
  debug@=3.1.0:
    version "3.1.0"
    resolved "https://registry.yarnpkg.com/debug/-/debug-3.1.0.tgz#5bb5a0672628b64149566ba16819e61518c67261"
    integrity sha512-OX8XqP7/1a9cqkxYw2yXss15f26NKWBpDXQd0/uK/KPqdQhxbPa994hnzjcE2VqQpDslf55723cKPUOGSmMY3g==
    dependencies:
      ms "2.0.0"
  
  deepmerge@^3.1.0:
    version "3.3.0"
    resolved "https://registry.yarnpkg.com/deepmerge/-/deepmerge-3.3.0.tgz#d3c47fd6f3a93d517b14426b0628a17b0125f5f7"
    integrity sha512-GRQOafGHwMHpjPx9iCvTgpu9NojZ49q794EEL94JVEw6VaeA8XTUyBKvAkOOjBX9oJNiV6G3P+T+tihFjo2TqA==
  
  expo-camera@^8.2.0:
    version "8.2.0"
    resolved "https://registry.yarnpkg.com/expo-camera/-/expo-camera-8.2.0.tgz#9c849f0dc409e1fe6ee886f479e0ee0050b6d386"
    integrity sha512-wGVqQVVR4YCkHuI7u+qloI1p2UbYwpU8hs0IEM+1Th4JQekAPUEfOmJI6ZHGj36El8f87ghRed2MXzOssn4hHg==
    dependencies:
      lodash "^4.6.0"
      prop-types "^15.6.0"
  
  expo-permissions@^8.1.0:
    version "8.1.0"
    resolved "https://registry.yarnpkg.com/expo-permissions/-/expo-permissions-8.1.0.tgz#a7f2ee91ba76ce3a467e7b10adaa9ca5201b226f"
    integrity sha512-QBHD+1J9+sGFnhoEGzMRchPweeEE0OJ9ehG/0l1BMRBA7qsLS9vRC1FTJ55NwjI0Kr4RTha9r6ZX1kZHT09f/w==
  
  follow-redirects@1.5.10:
    version "1.5.10"
    resolved "https://registry.yarnpkg.com/follow-redirects/-/follow-redirects-1.5.10.tgz#7b7a9f9aea2fdff36786a94ff643ed07f4ff5e2a"
    integrity sha512-0V5l4Cizzvqt5D44aTXbFZz+FtyXV1vrDN6qrelxtfYQKW0KO0W2T/hkE8xvGa/540LkZlkaUjO4ailYTFtHVQ==
    dependencies:
      debug "=3.1.0"
  
  hoist-non-react-statics@^3.1.0:
    version "3.3.2"
    resolved "https://registry.yarnpkg.com/hoist-non-react-statics/-/hoist-non-react-statics-3.3.2.tgz#ece0acaf71d62c2969c2ec59feff42a4b1a85b45"
    integrity sha512-/gGivxi8JPKWNm/W0jSmzcMPpfpPLc3dY/6GxhX2hQ9iGj3aDfklV4ET7NjKpSinLpJ5vafa9iiGIEZg10SfBw==
    dependencies:
      react-is "^16.7.0"
  
  is-arrayish@^0.3.1:
    version "0.3.2"
    resolved "https://registry.yarnpkg.com/is-arrayish/-/is-arrayish-0.3.2.tgz#4574a2ae56f7ab206896fb431eaeed066fdf8f03"
    integrity sha512-eVRqCvVlZbuw3GrM63ovNSNAeA1K16kaR/LRY/92w0zxQ5/1YzwblUX652i4Xs9RwAGjW9d9y6X88t8OaAJfWQ==
  
  "js-tokens@^3.0.0 || ^4.0.0":
    version "4.0.0"
    resolved "https://registry.yarnpkg.com/js-tokens/-/js-tokens-4.0.0.tgz#19203fb59991df98e3a287050d4647cdeaf32499"
    integrity sha512-RdJUflcE3cUzKiMqQgsCu06FPu9UdIJO0beYbPhHN4k6apgJtifcoCtT9bcxOpYBtpD2kCM6Sbzg4CausW/PKQ==
  
  lodash@^4.17.4, lodash@^4.6.0:
    version "4.17.15"
    resolved "https://registry.yarnpkg.com/lodash/-/lodash-4.17.15.tgz#b447f6670a0455bbfeedd11392eff330ea097548"
    integrity sha512-8xOcRHvCjnocdS5cpwXQXVzmmh5e5+saE2QGoeQmbKmRS6J3VQppPOIt0MnmE+4xlZoumy0GPG0D0MVIQbNA1A==
  
  loose-envify@^1.4.0:
    version "1.4.0"
    resolved "https://registry.yarnpkg.com/loose-envify/-/loose-envify-1.4.0.tgz#71ee51fa7be4caec1a63839f7e682d8132d30caf"
    integrity sha512-lyuxPGr/Wfhrlem2CL/UcnUc1zcqKAImBDzukY7Y5F/yQiNdko6+fRLevlw1HgMySw7f611UIY408EtxRSoK3Q==
    dependencies:
      js-tokens "^3.0.0 || ^4.0.0"
  
  ms@2.0.0:
    version "2.0.0"
    resolved "https://registry.yarnpkg.com/ms/-/ms-2.0.0.tgz#5608aeadfc00be6c2901df5f9861788de0d597c8"
    integrity sha1-VgiurfwAvmwpAd9fmGF4jeDVl8g=
  
  object-assign@^4.1.1:
    version "4.1.1"
    resolved "https://registry.yarnpkg.com/object-assign/-/object-assign-4.1.1.tgz#2109adc7965887cfc05cbbd442cac8bfbb360863"
    integrity sha1-IQmtx5ZYh8/AXLvUQsrIv7s2CGM=
  
  opencollective-postinstall@^2.0.0:
    version "2.0.2"
    resolved "https://registry.yarnpkg.com/opencollective-postinstall/-/opencollective-postinstall-2.0.2.tgz#5657f1bede69b6e33a45939b061eb53d3c6c3a89"
    integrity sha512-pVOEP16TrAO2/fjej1IdOyupJY8KDUM1CvsaScRbw6oddvpQoOfGk4ywha0HKKVAD6RkW4x6Q+tNBwhf3Bgpuw==
  
  prop-types@^15.5.10, prop-types@^15.6.0, prop-types@^15.6.2, prop-types@^15.7.2:
    version "15.7.2"
    resolved "https://registry.yarnpkg.com/prop-types/-/prop-types-15.7.2.tgz#52c41e75b8c87e72b9d9360e0206b99dcbffa6c5"
    integrity sha512-8QQikdH7//R2vurIJSutZ1smHYTcLpRWEOlHnzcWHmBYrOGUysKwSsrC89BCiFj3CbrfJ/nXFdJepOVrY1GCHQ==
    dependencies:
      loose-envify "^1.4.0"
      object-assign "^4.1.1"
      react-is "^16.8.1"
  
  react-is@^16.7.0, react-is@^16.8.1:
    version "16.13.1"
    resolved "https://registry.yarnpkg.com/react-is/-/react-is-16.13.1.tgz#789729a4dc36de2999dc156dd6c1d9c18cea56a4"
    integrity sha512-24e6ynE2H+OKt4kqsOvNd8kBpV65zoxbA4BVsEOB3ARVWQki/DHzaUoC5KuON/BiccDaCCTZBuOcfZs70kR8bQ==
  
  react-native-camera@^3.26.0:
    version "3.26.0"
    resolved "https://registry.yarnpkg.com/react-native-camera/-/react-native-camera-3.26.0.tgz#80f37124c524d76ae79f55f3975ed73b6515aa49"
    integrity sha512-W/h89LN+jujlzc89nWpvukbfnbFO+Fskf6PR23pP6zminpJDIArHabWLd1mQoJ3p6r+gUJ8I4bgsxUmSMgLAgA==
    dependencies:
      prop-types "^15.6.2"
  
  react-native-elements@^2.0.0:
    version "2.0.0"
    resolved "https://registry.yarnpkg.com/react-native-elements/-/react-native-elements-2.0.0.tgz#eebe36c3250808ebd4a7e9dcf97a666fb7a20930"
    integrity sha512-xViTU/JlabYX94fDL2iu17gvMtgEOq2lFAToYlU3RBkwb/J13cdwSr8Ti9z6v6Iui4f8S3FjkpRJnFaOsZrK7w==
    dependencies:
      "@types/react-native-vector-icons" "^6.4.4"
      color "^3.1.0"
      deepmerge "^3.1.0"
      hoist-non-react-statics "^3.1.0"
      opencollective-postinstall "^2.0.0"
      prop-types "^15.7.2"
      react-native-ratings "^6.5.0"
      react-native-status-bar-height "^2.2.0"
  
  react-native-ratings@^6.5.0:
    version "6.5.0"
    resolved "https://registry.yarnpkg.com/react-native-ratings/-/react-native-ratings-6.5.0.tgz#a1606ccba3c5b54eec8e6cfa4765a45cf0e4ab8d"
    integrity sha512-YMcfQ7UQCmXGEc/WPlukHSHs5yvckTwjq5fTRk1FG8gaO7fZCNygEUGPuw4Dbvvp3IlsCUn0bOQd63RYsb7NDQ==
    dependencies:
      lodash "^4.17.4"
      prop-types "^15.5.10"
  
  react-native-status-bar-height@^2.2.0:
    version "2.5.0"
    resolved "https://registry.yarnpkg.com/react-native-status-bar-height/-/react-native-status-bar-height-2.5.0.tgz#bc0fb85230603850aab9667ee8111a62954de90c"
    integrity sha512-sYBCPYA/NapBSHkdm/IVL4ID3LLlIuLqINi2FBDyMkc2BU9pfSGOtkz9yfxoK39mYJuTrlTOQ7mManARUsYDSA==
  
  regenerator-runtime@^0.12.0:
    version "0.12.1"
    resolved "https://registry.yarnpkg.com/regenerator-runtime/-/regenerator-runtime-0.12.1.tgz#fa1a71544764c036f8c49b13a08b2594c9f8a0de"
    integrity sha512-odxIc1/vDlo4iZcfXqRYFj0vpXFNoGdKMAUieAlFYO6m/nl5e9KR/beGf41z4a1FI+aQgtjhuaSlDxQ0hmkrHg==
  
  simple-swizzle@^0.2.2:
    version "0.2.2"
    resolved "https://registry.yarnpkg.com/simple-swizzle/-/simple-swizzle-0.2.2.tgz#a4da6b635ffcccca33f70d17cb92592de95e557a"
    integrity sha1-pNprY1/8zMoz9w0Xy5JZLeleVXo=
    dependencies:
      is-arrayish "^0.3.1"
